<?xml version="1.0" encoding="UTF-8"?>
<testng-results skipped="0" failed="0" total="2" passed="2">
  <reporter-output>
  </reporter-output>
  <suite name="Default suite" duration-ms="48305" started-at="2018-05-31T14:20:16Z" finished-at="2018-05-31T14:21:04Z">
    <groups>
    </groups>
    <test name="Default test" duration-ms="48305" started-at="2018-05-31T14:20:16Z" finished-at="2018-05-31T14:21:04Z">
      <class name="TravelService.TSTestNGPublication">
        <test-method status="PASS" signature="launchbrowser()[pri:0, instance:TravelService.TSTestNGPublication@5442a311]" name="launchbrowser" duration-ms="8139" started-at="2018-05-31T15:20:16Z" finished-at="2018-05-31T15:20:24Z">
          <reporter-output>
          </reporter-output>
        </test-method> <!-- launchbrowser -->
        <test-method status="PASS" signature="viewpublication()[pri:0, instance:TravelService.TSTestNGPublication@5442a311]" name="viewpublication" duration-ms="40145" started-at="2018-05-31T15:20:24Z" finished-at="2018-05-31T15:21:04Z">
          <reporter-output>
          </reporter-output>
        </test-method> <!-- viewpublication -->
      </class> <!-- TravelService.TSTestNGPublication -->
    </test> <!-- Default test -->
  </suite> <!-- Default suite -->
</testng-results>
